<?xml version="1.0" encoding="UTF-8" ?>
<testsuite tests="1" failures="0" name="database.GetStockNewsTest" time="0.002" errors="1" skipped="0">
  <properties>
    <property name="java.runtime.name" value="Java(TM) SE Runtime Environment"/>
    <property name="sun.boot.library.path" value="/usr/local/jdk1.8.0_91/jre/lib/amd64"/>
    <property name="java.vm.version" value="25.91-b14"/>
    <property name="java.vm.vendor" value="Oracle Corporation"/>
    <property name="java.vendor.url" value="http://java.oracle.com/"/>
    <property name="path.separator" value=":"/>
    <property name="java.vm.name" value="Java HotSpot(TM) 64-Bit Server VM"/>
    <property name="file.encoding.pkg" value="sun.io"/>
    <property name="user.country" value="CN"/>
    <property name="sun.java.launcher" value="SUN_STANDARD"/>
    <property name="sun.os.patch.level" value="unknown"/>
    <property name="java.vm.specification.name" value="Java Virtual Machine Specification"/>
    <property name="user.dir" value="/home/song/program/java/AnyQuant"/>
    <property name="java.runtime.version" value="1.8.0_91-b14"/>
    <property name="java.awt.graphicsenv" value="sun.awt.X11GraphicsEnvironment"/>
    <property name="basedir" value="/home/song/program/java/AnyQuant"/>
    <property name="java.endorsed.dirs" value="/usr/local/jdk1.8.0_91/jre/lib/endorsed"/>
    <property name="os.arch" value="amd64"/>
    <property name="surefire.real.class.path" value="/home/song/program/java/AnyQuant/target/surefire/surefirebooter4168996545814765804.jar"/>
    <property name="java.io.tmpdir" value="/tmp"/>
    <property name="line.separator" value="
"/>
    <property name="java.vm.specification.vendor" value="Oracle Corporation"/>
    <property name="os.name" value="Linux"/>
    <property name="sun.jnu.encoding" value="UTF-8"/>
    <property name="java.library.path" value="/usr/java/packages/lib/amd64:/usr/lib64:/lib64:/lib:/usr/lib"/>
    <property name="surefire.test.class.path" value="/home/song/program/java/AnyQuant/target/test-classes:/home/song/program/java/AnyQuant/target/generated-classes/cobertura:/home/song/.m2/repository/junit/junit/4.8.2/junit-4.8.2.jar:/home/song/.m2/repository/net/sf/json-lib/json-lib/2.3/json-lib-2.3-jdk15.jar:/home/song/.m2/repository/commons-beanutils/commons-beanutils/1.8.0/commons-beanutils-1.8.0.jar:/home/song/.m2/repository/commons-collections/commons-collections/3.2.1/commons-collections-3.2.1.jar:/home/song/.m2/repository/commons-lang/commons-lang/2.4/commons-lang-2.4.jar:/home/song/.m2/repository/commons-logging/commons-logging/1.1.1/commons-logging-1.1.1.jar:/home/song/.m2/repository/net/sf/ezmorph/ezmorph/1.0.6/ezmorph-1.0.6.jar:/home/song/.m2/repository/dom4j/dom4j/1.1/dom4j-1.1.jar:/home/song/.m2/repository/org/jfree/jfreechart/1.0.19/jfreechart-1.0.19.jar:/home/song/.m2/repository/org/jfree/jcommon/1.0.23/jcommon-1.0.23.jar:/home/song/.m2/repository/javax/servlet/servlet-api/3.0-alpha-1/servlet-api-3.0-alpha-1.jar:/home/song/.m2/repository/javax/javaee-api/7.0/javaee-api-7.0.jar:/home/song/.m2/repository/com/sun/mail/javax.mail/1.5.0/javax.mail-1.5.0.jar:/home/song/.m2/repository/javax/activation/activation/1.1/activation-1.1.jar:/home/song/.m2/repository/net/sourceforge/cobertura/cobertura/1.9.4.1/cobertura-1.9.4.1.jar:/home/song/.m2/repository/org/apache/ant/ant/1.7.0/ant-1.7.0.jar:/home/song/.m2/repository/org/apache/ant/ant-launcher/1.7.0/ant-launcher-1.7.0.jar:"/>
    <property name="sun.awt.enableExtraMouseButtons" value="true"/>
    <property name="java.specification.name" value="Java Platform API Specification"/>
    <property name="java.class.version" value="52.0"/>
    <property name="sun.management.compiler" value="HotSpot 64-Bit Tiered Compilers"/>
    <property name="os.version" value="4.4.0-21-generic"/>
    <property name="user.home" value="/home/song"/>
    <property name="user.timezone" value=""/>
    <property name="java.awt.printerjob" value="sun.print.PSPrinterJob"/>
    <property name="java.specification.version" value="1.8"/>
    <property name="file.encoding" value="UTF-8"/>
    <property name="user.name" value="song"/>
    <property name="java.class.path" value="/home/song/program/java/AnyQuant/target/test-classes:/home/song/program/java/AnyQuant/target/generated-classes/cobertura:/home/song/.m2/repository/junit/junit/4.8.2/junit-4.8.2.jar:/home/song/.m2/repository/net/sf/json-lib/json-lib/2.3/json-lib-2.3-jdk15.jar:/home/song/.m2/repository/commons-beanutils/commons-beanutils/1.8.0/commons-beanutils-1.8.0.jar:/home/song/.m2/repository/commons-collections/commons-collections/3.2.1/commons-collections-3.2.1.jar:/home/song/.m2/repository/commons-lang/commons-lang/2.4/commons-lang-2.4.jar:/home/song/.m2/repository/commons-logging/commons-logging/1.1.1/commons-logging-1.1.1.jar:/home/song/.m2/repository/net/sf/ezmorph/ezmorph/1.0.6/ezmorph-1.0.6.jar:/home/song/.m2/repository/dom4j/dom4j/1.1/dom4j-1.1.jar:/home/song/.m2/repository/org/jfree/jfreechart/1.0.19/jfreechart-1.0.19.jar:/home/song/.m2/repository/org/jfree/jcommon/1.0.23/jcommon-1.0.23.jar:/home/song/.m2/repository/javax/servlet/servlet-api/3.0-alpha-1/servlet-api-3.0-alpha-1.jar:/home/song/.m2/repository/javax/javaee-api/7.0/javaee-api-7.0.jar:/home/song/.m2/repository/com/sun/mail/javax.mail/1.5.0/javax.mail-1.5.0.jar:/home/song/.m2/repository/javax/activation/activation/1.1/activation-1.1.jar:/home/song/.m2/repository/net/sourceforge/cobertura/cobertura/1.9.4.1/cobertura-1.9.4.1.jar:/home/song/.m2/repository/org/apache/ant/ant/1.7.0/ant-1.7.0.jar:/home/song/.m2/repository/org/apache/ant/ant-launcher/1.7.0/ant-launcher-1.7.0.jar:"/>
    <property name="java.vm.specification.version" value="1.8"/>
    <property name="sun.arch.data.model" value="64"/>
    <property name="java.home" value="/usr/local/jdk1.8.0_91/jre"/>
    <property name="sun.java.command" value="/home/song/program/java/AnyQuant/target/surefire/surefirebooter4168996545814765804.jar /home/song/program/java/AnyQuant/target/surefire/surefire5569316339189582692tmp /home/song/program/java/AnyQuant/target/surefire/surefire5164451147703860879tmp"/>
    <property name="java.specification.vendor" value="Oracle Corporation"/>
    <property name="user.language" value="zh"/>
    <property name="awt.toolkit" value="sun.awt.X11.XToolkit"/>
    <property name="java.vm.info" value="mixed mode"/>
    <property name="java.version" value="1.8.0_91"/>
    <property name="java.ext.dirs" value="/usr/local/jdk1.8.0_91/jre/lib/ext:/usr/java/packages/lib/ext"/>
    <property name="sun.boot.class.path" value="/usr/local/jdk1.8.0_91/jre/lib/resources.jar:/usr/local/jdk1.8.0_91/jre/lib/rt.jar:/usr/local/jdk1.8.0_91/jre/lib/sunrsasign.jar:/usr/local/jdk1.8.0_91/jre/lib/jsse.jar:/usr/local/jdk1.8.0_91/jre/lib/jce.jar:/usr/local/jdk1.8.0_91/jre/lib/charsets.jar:/usr/local/jdk1.8.0_91/jre/lib/jfr.jar:/usr/local/jdk1.8.0_91/jre/classes"/>
    <property name="java.vendor" value="Oracle Corporation"/>
    <property name="localRepository" value="/home/song/.m2/repository"/>
    <property name="file.separator" value="/"/>
    <property name="java.vendor.url.bug" value="http://bugreport.sun.com/bugreport/"/>
    <property name="sun.cpu.endian" value="little"/>
    <property name="sun.io.unicode.encoding" value="UnicodeLittle"/>
    <property name="sun.font.fontmanager" value="sun.awt.X11FontManager"/>
    <property name="sun.desktop" value="gnome"/>
    <property name="sun.cpu.isalist" value=""/>
  </properties>
  <testcase classname="database.GetStockNewsTest" name="getNewsTitleTest" time="0.001">
    <error message="Expecting a stackmap frame at branch target 205
Exception Details:
  Location:
    database/GetStockNews.getNews(Ljava/lang/String;I)Ljava/util/List; @92: ldc
  Reason:
    Expected stackmap frame at this location.
  Bytecode:
    0x0000000: 033e 11ff ff36 0412 0b11 0021 b800 11bb
    0x0000010: 0029 59b7 002a 3a05 120b 1100 22b8 0011
    0x0000020: bb00 2c59 b700 2d3a 0612 0b11 0023 b800
    0x0000030: 11bb 002f 59b7 0030 1232 b600 362b b600
    0x0000040: 3612 38b6 0036 b600 3c3a 0712 0b11 0024
    0x0000050: b800 1119 0619 07b6 0040 3a08 120b 1100
    0x0000060: 27b8 0011 1908 b900 4a01 0011 0027 3e11
    0x0000070: 0000 3604 9900 3b1d 1100 27a0 0019 1504
    0x0000080: 1100 00a0 0011 120b 1d15 0404 b800 4e11
    0x0000090: ffff 3604 120b 1100 28b8 0011 1905 1908
    0x00000a0: 1cb9 0052 0200 b900 5602 0057 a7ff b015
    0x00000b0: 049b 0011 120b 1d15 0403 b800 4e11 ffff
    0x00000c0: 3604 120b 1100 2cb8 0011 a700 1a12 0b11
    0x00000d0: 002a b800 113a 0912 0b11 002b b800 1119
    0x00000e0: 09b6 0059 120b 1100 2db8 0011 1905 b0  
  Exception Handler Table:
    bci [92, 175] =&gt; handler: 205
  Stackmap Table:
    full_frame(@100,{Object[#2],Object[#66],Integer,Object[#68],Object[#44],Object[#66],Object[#70]},{})
    same_frame_extended(@202)
    same_locals_1_stack_item_frame(@213,Object[#39])
    same_frame(@236)
" type="java.lang.VerifyError">java.lang.VerifyError: Expecting a stackmap frame at branch target 205
Exception Details:
  Location:
    database/GetStockNews.getNews(Ljava/lang/String;I)Ljava/util/List; @92: ldc
  Reason:
    Expected stackmap frame at this location.
  Bytecode:
    0x0000000: 033e 11ff ff36 0412 0b11 0021 b800 11bb
    0x0000010: 0029 59b7 002a 3a05 120b 1100 22b8 0011
    0x0000020: bb00 2c59 b700 2d3a 0612 0b11 0023 b800
    0x0000030: 11bb 002f 59b7 0030 1232 b600 362b b600
    0x0000040: 3612 38b6 0036 b600 3c3a 0712 0b11 0024
    0x0000050: b800 1119 0619 07b6 0040 3a08 120b 1100
    0x0000060: 27b8 0011 1908 b900 4a01 0011 0027 3e11
    0x0000070: 0000 3604 9900 3b1d 1100 27a0 0019 1504
    0x0000080: 1100 00a0 0011 120b 1d15 0404 b800 4e11
    0x0000090: ffff 3604 120b 1100 28b8 0011 1905 1908
    0x00000a0: 1cb9 0052 0200 b900 5602 0057 a7ff b015
    0x00000b0: 049b 0011 120b 1d15 0403 b800 4e11 ffff
    0x00000c0: 3604 120b 1100 2cb8 0011 a700 1a12 0b11
    0x00000d0: 002a b800 113a 0912 0b11 002b b800 1119
    0x00000e0: 09b6 0059 120b 1100 2db8 0011 1905 b0  
  Exception Handler Table:
    bci [92, 175] =&gt; handler: 205
  Stackmap Table:
    full_frame(@100,{Object[#2],Object[#66],Integer,Object[#68],Object[#44],Object[#66],Object[#70]},{})
    same_frame_extended(@202)
    same_locals_1_stack_item_frame(@213,Object[#39])
    same_frame(@236)

	at database.GetStockNewsTest.getNewsTitleTest(GetStockNewsTest.java:15)
	at sun.reflect.NativeMethodAccessorImpl.invoke0(Native Method)
	at sun.reflect.NativeMethodAccessorImpl.invoke(NativeMethodAccessorImpl.java:62)
	at sun.reflect.DelegatingMethodAccessorImpl.invoke(DelegatingMethodAccessorImpl.java:43)
	at java.lang.reflect.Method.invoke(Method.java:498)
	at org.junit.runners.model.FrameworkMethod$1.runReflectiveCall(FrameworkMethod.java:44)
	at org.junit.internal.runners.model.ReflectiveCallable.run(ReflectiveCallable.java:15)
	at org.junit.runners.model.FrameworkMethod.invokeExplosively(FrameworkMethod.java:41)
	at org.junit.internal.runners.statements.InvokeMethod.evaluate(InvokeMethod.java:20)
	at org.junit.runners.BlockJUnit4ClassRunner.runNotIgnored(BlockJUnit4ClassRunner.java:79)
	at org.junit.runners.BlockJUnit4ClassRunner.runChild(BlockJUnit4ClassRunner.java:71)
	at org.junit.runners.BlockJUnit4ClassRunner.runChild(BlockJUnit4ClassRunner.java:49)
	at org.junit.runners.ParentRunner$3.run(ParentRunner.java:193)
	at org.junit.runners.ParentRunner$1.schedule(ParentRunner.java:52)
	at org.junit.runners.ParentRunner.runChildren(ParentRunner.java:191)
	at org.junit.runners.ParentRunner.access$000(ParentRunner.java:42)
	at org.junit.runners.ParentRunner$2.evaluate(ParentRunner.java:184)
	at org.junit.runners.ParentRunner.run(ParentRunner.java:236)
	at org.apache.maven.surefire.junit4.JUnit4TestSet.execute(JUnit4TestSet.java:53)
	at org.apache.maven.surefire.junit4.JUnit4Provider.executeTestSet(JUnit4Provider.java:119)
	at org.apache.maven.surefire.junit4.JUnit4Provider.invoke(JUnit4Provider.java:101)
	at sun.reflect.NativeMethodAccessorImpl.invoke0(Native Method)
	at sun.reflect.NativeMethodAccessorImpl.invoke(NativeMethodAccessorImpl.java:62)
	at sun.reflect.DelegatingMethodAccessorImpl.invoke(DelegatingMethodAccessorImpl.java:43)
	at java.lang.reflect.Method.invoke(Method.java:498)
	at org.apache.maven.surefire.booter.ProviderFactory$ClassLoaderProxy.invoke(ProviderFactory.java:103)
	at com.sun.proxy.$Proxy0.invoke(Unknown Source)
	at org.apache.maven.surefire.booter.SurefireStarter.invokeProvider(SurefireStarter.java:150)
	at org.apache.maven.surefire.booter.SurefireStarter.runSuitesInProcess(SurefireStarter.java:91)
	at org.apache.maven.surefire.booter.ForkedBooter.main(ForkedBooter.java:69)
</error>
    <system-out>@SLTests run: 2, Failures: 0, Errors: 2, Skipped: 0, Time elapsed: 0.003 sec &lt;&lt;&lt; FAILURE!
@SLRunning database.GetStockNewsTest
</system-out>
  </testcase>
</testsuite>